  quantact_xl.cpp
c:\users\hunto_efxy22i\jupyterprojects\hubert\hubert\tensor_mmm_xl.h(25): warning C4068: unknown pragma
c:\users\hunto_efxy22i\jupyterprojects\hubert\hubert\tensor_mmm_xl.h(28): warning C4068: unknown pragma
c:\users\hunto_efxy22i\jupyterprojects\hubert\hubert\tensor_mmm_xl.h(31): warning C4068: unknown pragma
c:\users\hunto_efxy22i\jupyterprojects\hubert\hubert\tensor_mult_xl.h(79): warning C4068: unknown pragma
c:\users\hunto_efxy22i\jupyterprojects\hubert\hubert\tensor_mult_xl.h(84): warning C4068: unknown pragma
c:\users\hunto_efxy22i\jupyterprojects\hubert\hubert\tensor_mult_xl.h(90): warning C4068: unknown pragma
c:\users\hunto_efxy22i\jupyterprojects\hubert\hubert\tensor_mult_xl.h(110): warning C4068: unknown pragma
c:\users\hunto_efxy22i\jupyterprojects\hubert\hubert\tensor_mult_xl.h(116): warning C4068: unknown pragma
c:\users\hunto_efxy22i\jupyterprojects\hubert\hubert\tensor_mult_xl.h(122): warning C4068: unknown pragma
c:\users\hunto_efxy22i\jupyterprojects\hubert\hubert\tensor_mult.h(79): warning C4068: unknown pragma
c:\users\hunto_efxy22i\jupyterprojects\hubert\hubert\tensor_mult.h(84): warning C4068: unknown pragma
c:\users\hunto_efxy22i\jupyterprojects\hubert\hubert\tensor_mult.h(90): warning C4068: unknown pragma
c:\users\hunto_efxy22i\jupyterprojects\hubert\hubert\tensor_mult.h(110): warning C4068: unknown pragma
c:\users\hunto_efxy22i\jupyterprojects\hubert\hubert\tensor_mult.h(116): warning C4068: unknown pragma
c:\users\hunto_efxy22i\jupyterprojects\hubert\hubert\tensor_mult.h(122): warning C4068: unknown pragma
c:\users\hunto_efxy22i\jupyterprojects\hubert\hubert\tensor_mmm.h(24): warning C4068: unknown pragma
c:\users\hunto_efxy22i\jupyterprojects\hubert\hubert\tensor_mmm.h(27): warning C4068: unknown pragma
c:\users\hunto_efxy22i\jupyterprojects\hubert\hubert\tensor_mmm.h(30): warning C4068: unknown pragma
  hubert.vcxproj -> C:\Users\hunto_efxy22i\jupyterProjects\HUBERT\x64\Debug\hubert.exe
