c:\users\hunto_efxy22i\jupyterprojects\hubert\hubert\x64\debug\vc141.pdb
c:\users\hunto_efxy22i\jupyterprojects\hubert\hubert\x64\debug\vc141.idb
c:\users\hunto_efxy22i\jupyterprojects\hubert\hubert\x64\debug\tensorxl.obj
c:\users\hunto_efxy22i\jupyterprojects\hubert\hubert\x64\debug\loadtensors.obj
c:\users\hunto_efxy22i\jupyterprojects\hubert\hubert\x64\debug\crosstype_tensors.obj
c:\users\hunto_efxy22i\jupyterprojects\hubert\hubert\x64\debug\tensors.obj
c:\users\hunto_efxy22i\jupyterprojects\hubert\hubert\x64\debug\softmax.obj
c:\users\hunto_efxy22i\jupyterprojects\hubert\hubert\x64\debug\sentence_encoder_layer.obj
c:\users\hunto_efxy22i\jupyterprojects\hubert\hubert\x64\debug\quantlinear.obj
c:\users\hunto_efxy22i\jupyterprojects\hubert\hubert\x64\debug\quantact_xl.obj
c:\users\hunto_efxy22i\jupyterprojects\hubert\hubert\x64\debug\quantact_testbench.obj
c:\users\hunto_efxy22i\jupyterprojects\hubert\hubert\x64\debug\quantact.obj
c:\users\hunto_efxy22i\jupyterprojects\hubert\hubert\x64\debug\multiheadattention.obj
c:\users\hunto_efxy22i\jupyterprojects\hubert\hubert\x64\debug\intlayernorm.obj
c:\users\hunto_efxy22i\jupyterprojects\hubert\hubert\x64\debug\intgelu.obj
c:\users\hunto_efxy22i\jupyterprojects\hubert\hubert\x64\debug\tensor3dxl.obj
c:\users\hunto_efxy22i\jupyterprojects\hubert\hubert\x64\debug\tensor3d.obj
c:\users\hunto_efxy22i\jupyterprojects\hubert\x64\debug\hubert.pdb
c:\users\hunto_efxy22i\jupyterprojects\hubert\hubert\x64\debug\hubert.tlog\cl.command.1.tlog
c:\users\hunto_efxy22i\jupyterprojects\hubert\hubert\x64\debug\hubert.tlog\cl.read.1.tlog
c:\users\hunto_efxy22i\jupyterprojects\hubert\hubert\x64\debug\hubert.tlog\cl.write.1.tlog
c:\users\hunto_efxy22i\jupyterprojects\hubert\hubert\x64\debug\hubert.tlog\link-cvtres.read.1.tlog
c:\users\hunto_efxy22i\jupyterprojects\hubert\hubert\x64\debug\hubert.tlog\link-cvtres.write.1.tlog
c:\users\hunto_efxy22i\jupyterprojects\hubert\hubert\x64\debug\hubert.tlog\link-rc.read.1.tlog
c:\users\hunto_efxy22i\jupyterprojects\hubert\hubert\x64\debug\hubert.tlog\link-rc.write.1.tlog
c:\users\hunto_efxy22i\jupyterprojects\hubert\hubert\x64\debug\hubert.tlog\link.command.1.tlog
c:\users\hunto_efxy22i\jupyterprojects\hubert\hubert\x64\debug\hubert.tlog\link.read.1.tlog
c:\users\hunto_efxy22i\jupyterprojects\hubert\hubert\x64\debug\hubert.tlog\link.write.1.tlog
