c:\users\hunto_efxy22i\jupyterprojects\hubert\debug\msvc_hubert\x64\debug\vc141.pdb
c:\users\hunto_efxy22i\jupyterprojects\hubert\debug\msvc_hubert\x64\debug\vc141.idb
c:\users\hunto_efxy22i\jupyterprojects\hubert\debug\msvc_hubert\x64\debug\quantact_testbench.obj
c:\users\hunto_efxy22i\jupyterprojects\hubert\debug\msvc_hubert\x64\debug\quantact.obj
c:\users\hunto_efxy22i\jupyterprojects\hubert\debug\msvc_hubert\x64\debug\loadtensors.obj
c:\users\hunto_efxy22i\jupyterprojects\hubert\debug\msvc_hubert\x64\debug\softmax.obj
c:\users\hunto_efxy22i\jupyterprojects\hubert\debug\msvc_hubert\x64\debug\quantact.obj.enc
c:\users\hunto_efxy22i\jupyterprojects\hubert\debug\msvc_hubert\x64\debug\msvc_hubert.pdb
c:\users\hunto_efxy22i\jupyterprojects\hubert\debug\msvc_hubert\x64\debug\msvc_hubert.tlog\cl.command.1.tlog
c:\users\hunto_efxy22i\jupyterprojects\hubert\debug\msvc_hubert\x64\debug\msvc_hubert.tlog\cl.read.1.tlog
c:\users\hunto_efxy22i\jupyterprojects\hubert\debug\msvc_hubert\x64\debug\msvc_hubert.tlog\cl.write.1.tlog
c:\users\hunto_efxy22i\jupyterprojects\hubert\debug\msvc_hubert\x64\debug\msvc_hubert.tlog\link.16844-cvtres.read.1.tlog
c:\users\hunto_efxy22i\jupyterprojects\hubert\debug\msvc_hubert\x64\debug\msvc_hubert.tlog\link.16844-cvtres.write.1.tlog
c:\users\hunto_efxy22i\jupyterprojects\hubert\debug\msvc_hubert\x64\debug\msvc_hubert.tlog\link.16844-rc.read.1.tlog
c:\users\hunto_efxy22i\jupyterprojects\hubert\debug\msvc_hubert\x64\debug\msvc_hubert.tlog\link.16844-rc.write.1.tlog
c:\users\hunto_efxy22i\jupyterprojects\hubert\debug\msvc_hubert\x64\debug\msvc_hubert.tlog\link.16844.read.1.tlog
c:\users\hunto_efxy22i\jupyterprojects\hubert\debug\msvc_hubert\x64\debug\msvc_hubert.tlog\link.16844.write.1.tlog
c:\users\hunto_efxy22i\jupyterprojects\hubert\debug\msvc_hubert\x64\debug\msvc_hubert.tlog\link.command.1.tlog
c:\users\hunto_efxy22i\jupyterprojects\hubert\debug\msvc_hubert\x64\debug\msvc_hubert.tlog\link.read.1.tlog
c:\users\hunto_efxy22i\jupyterprojects\hubert\debug\msvc_hubert\x64\debug\msvc_hubert.tlog\link.write.1.tlog
