Performing C SOURCE FILE Test CMAKE_HAVE_LIBC_PTHREAD failed with the following output:
Change Dir: /home/messn036/HUBERT/build/CMakeFiles/CMakeTmp

Run Build Command(s):/usr/bin/gmake cmTC_f1b45/fast && /usr/bin/gmake -f CMakeFiles/cmTC_f1b45.dir/build.make CMakeFiles/cmTC_f1b45.dir/build
gmake[1]: Entering directory '/home/messn036/HUBERT/build/CMakeFiles/CMakeTmp'
Building C object CMakeFiles/cmTC_f1b45.dir/src.c.o
/usr/bin/cc   -DCMAKE_HAVE_LIBC_PTHREAD   -o CMakeFiles/cmTC_f1b45.dir/src.c.o   -c /home/messn036/HUBERT/build/CMakeFiles/CMakeTmp/src.c
Linking C executable cmTC_f1b45
/usr/bin/cmake -E cmake_link_script CMakeFiles/cmTC_f1b45.dir/link.txt --verbose=1
/usr/bin/cc  -DCMAKE_HAVE_LIBC_PTHREAD    -rdynamic CMakeFiles/cmTC_f1b45.dir/src.c.o  -o cmTC_f1b45 
/usr/bin/ld: CMakeFiles/cmTC_f1b45.dir/src.c.o: in function `main':
src.c:(.text+0x46): undefined reference to `pthread_create'
/usr/bin/ld: src.c:(.text+0x52): undefined reference to `pthread_detach'
/usr/bin/ld: src.c:(.text+0x63): undefined reference to `pthread_join'
collect2: error: ld returned 1 exit status
gmake[1]: *** [CMakeFiles/cmTC_f1b45.dir/build.make:87: cmTC_f1b45] Error 1
gmake[1]: Leaving directory '/home/messn036/HUBERT/build/CMakeFiles/CMakeTmp'
gmake: *** [Makefile:121: cmTC_f1b45/fast] Error 2


Source file was:
#include <pthread.h>

void* test_func(void* data)
{
  return data;
}

int main(void)
{
  pthread_t thread;
  pthread_create(&thread, NULL, test_func, NULL);
  pthread_detach(thread);
  pthread_join(thread, NULL);
  pthread_atfork(NULL, NULL, NULL);
  pthread_exit(NULL);

  return 0;
}

Determining if the function pthread_create exists in the pthreads failed with the following output:
Change Dir: /home/messn036/HUBERT/build/CMakeFiles/CMakeTmp

Run Build Command(s):/usr/bin/gmake cmTC_a48e4/fast && /usr/bin/gmake -f CMakeFiles/cmTC_a48e4.dir/build.make CMakeFiles/cmTC_a48e4.dir/build
gmake[1]: Entering directory '/home/messn036/HUBERT/build/CMakeFiles/CMakeTmp'
Building C object CMakeFiles/cmTC_a48e4.dir/CheckFunctionExists.c.o
/usr/bin/cc   -DCHECK_FUNCTION_EXISTS=pthread_create   -o CMakeFiles/cmTC_a48e4.dir/CheckFunctionExists.c.o   -c /usr/share/cmake-3.16/Modules/CheckFunctionExists.c
Linking C executable cmTC_a48e4
/usr/bin/cmake -E cmake_link_script CMakeFiles/cmTC_a48e4.dir/link.txt --verbose=1
/usr/bin/cc  -DCHECK_FUNCTION_EXISTS=pthread_create    -rdynamic CMakeFiles/cmTC_a48e4.dir/CheckFunctionExists.c.o  -o cmTC_a48e4  -lpthreads 
/usr/bin/ld: cannot find -lpthreads
collect2: error: ld returned 1 exit status
gmake[1]: *** [CMakeFiles/cmTC_a48e4.dir/build.make:87: cmTC_a48e4] Error 1
gmake[1]: Leaving directory '/home/messn036/HUBERT/build/CMakeFiles/CMakeTmp'
gmake: *** [Makefile:121: cmTC_a48e4/fast] Error 2



